<?xml version="1.0" encoding="UTF-8"?>
<testng-results skipped="0" failed="0" ignored="0" total="2" passed="2">
  <reporter-output>
  </reporter-output>
  <suite name="Suite" duration-ms="120" started-at="2017-01-26T06:59:30Z" finished-at="2017-01-26T06:59:30Z">
    <groups>
    </groups>
    <test name="Test" duration-ms="120" started-at="2017-01-26T06:59:30Z" finished-at="2017-01-26T06:59:30Z">
      <class name="test.java.NewTest">
        <test-method status="PASS" signature="beforeMethod()[pri:0, instance:test.java.NewTest@46d56d67]" name="beforeMethod" is-config="true" duration-ms="10" started-at="2017-01-26T12:29:30Z" finished-at="2017-01-26T12:29:30Z">
          <reporter-output>
          </reporter-output>
        </test-method> <!-- beforeMethod -->
        <test-method status="PASS" signature="f()[pri:0, instance:test.java.NewTest@46d56d67]" name="f" duration-ms="10" started-at="2017-01-26T12:29:30Z" finished-at="2017-01-26T12:29:30Z">
          <reporter-output>
          </reporter-output>
        </test-method> <!-- f -->
        <test-method status="PASS" signature="afterMethod()[pri:0, instance:test.java.NewTest@46d56d67]" name="afterMethod" is-config="true" duration-ms="0" started-at="2017-01-26T12:29:30Z" finished-at="2017-01-26T12:29:30Z">
          <reporter-output>
          </reporter-output>
        </test-method> <!-- afterMethod -->
      </class> <!-- test.java.NewTest -->
      <class name="test.java.Sum">
        <test-method status="PASS" signature="sum()[pri:0, instance:test.java.Sum@d8355a8]" name="sum" duration-ms="5" started-at="2017-01-26T12:29:30Z" finished-at="2017-01-26T12:29:30Z">
          <reporter-output>
          </reporter-output>
        </test-method> <!-- sum -->
      </class> <!-- test.java.Sum -->
    </test> <!-- Test -->
  </suite> <!-- Suite -->
</testng-results>
